Summary of SPARK analysis
=========================

-------------------------------------------------------------------------------------------------------------
SPARK Analysis results        Total       Flow   CodePeer                      Provers   Justified   Unproved
-------------------------------------------------------------------------------------------------------------
Data Dependencies                 .          .          .                            .           .          .
Flow Dependencies                 1          1          .                            .           .          .
Initialization                    1          1          .                            .           .          .
Non-Aliasing                      .          .          .                            .           .          .
Run-time Checks                  11          .          .                    11 (CVC4)           .          .
Assertions                        2          .          .                     2 (CVC4)           .          .
Functional Contracts              1          .          .    1 (CVC4 50%, Trivial 50%)           .          .
LSP Verification                  .          .          .                            .           .          .
Termination                       .          .          .                            .           .          .
Concurrency                       .          .          .                            .           .          .
-------------------------------------------------------------------------------------------------------------
Total                            16    2 (13%)          .                     14 (88%)           .          .


max steps used for successful proof: 1

Analyzed 1 unit
in unit pkg_arrayiguales, 2 subprograms and packages out of 2 analyzed
  Pkg_arrayIguales at pkg_arrayiguales.ads:2 flow analyzed (0 errors, 0 checks and 0 warnings) and proved (0 checks)
  Pkg_arrayIguales.arrayIguales at pkg_arrayiguales.ads:9 flow analyzed (0 errors, 0 checks and 0 warnings) and proved (14 checks)
